<?xml version="1.0" encoding="UTF-8"?>
<testng-results ignored="0" total="3" passed="3" failed="0" skipped="0">
  <reporter-output>
  </reporter-output>
  <suite started-at="2022-09-16T11:40:53 IST" name="Default suite" finished-at="2022-09-16T11:40:53 IST" duration-ms="124">
    <groups>
    </groups>
    <test started-at="2022-09-16T11:40:53 IST" name="Default test" finished-at="2022-09-16T11:40:53 IST" duration-ms="124">
      <class name="Test.sample">
        <test-method is-config="true" signature="beforeTest()[pri:0, instance:Test.sample@1534f01b]" started-at="2022-09-16T11:40:53 IST" name="beforeTest" finished-at="2022-09-16T11:40:53 IST" duration-ms="11" status="PASS">
          <reporter-output>
          </reporter-output>
        </test-method> <!-- beforeTest -->
        <test-method signature="TestResult()[pri:0, instance:Test.sample@1534f01b]" started-at="2022-09-16T11:40:53 IST" name="TestResult" finished-at="2022-09-16T11:40:53 IST" duration-ms="10" status="PASS">
          <reporter-output>
          </reporter-output>
        </test-method> <!-- TestResult -->
        <test-method signature="TestResult2()[pri:0, instance:Test.sample@1534f01b]" started-at="2022-09-16T11:40:53 IST" name="TestResult2" finished-at="2022-09-16T11:40:53 IST" duration-ms="4" status="PASS">
          <reporter-output>
          </reporter-output>
        </test-method> <!-- TestResult2 -->
        <test-method signature="TestResult3()[pri:0, instance:Test.sample@1534f01b]" started-at="2022-09-16T11:40:53 IST" name="TestResult3" finished-at="2022-09-16T11:40:53 IST" duration-ms="9" status="PASS">
          <reporter-output>
          </reporter-output>
        </test-method> <!-- TestResult3 -->
        <test-method is-config="true" signature="AfterTest()[pri:0, instance:Test.sample@1534f01b]" started-at="2022-09-16T11:40:53 IST" name="AfterTest" finished-at="2022-09-16T11:40:53 IST" duration-ms="1" status="PASS">
          <reporter-output>
          </reporter-output>
        </test-method> <!-- AfterTest -->
      </class> <!-- Test.sample -->
    </test> <!-- Default test -->
  </suite> <!-- Default suite -->
</testng-results>
